<?xml version="1.0" encoding="UTF-8"?>
<!-- Generated by org.testng.reporters.JUnitXMLReporter -->
<testsuite ignored="0" hostname="DESKTOP-UV9SVN8" failures="0" tests="3" name="Test" time="112.382" errors="0" timestamp="2021-03-15T15:46:14 IST">
  <testcase classname="RunTest.TestClass" name="getHospitalNames" time="68.893"/>
  <testcase classname="RunTest.TestClass" name="Diagnosticpage" time="21.648"/>
  <testcase classname="RunTest.TestClass" name="CopWelleness" time="21.547"/>
</testsuite> <!-- Test -->
