<?xml version="1.0" encoding="UTF-8"?>
<testng-results ignored="0" total="3" passed="3" failed="0" skipped="0">
  <reporter-output>
  </reporter-output>
  <suite started-at="2021-03-15T15:44:21 IST" name="Suite" finished-at="2021-03-15T15:46:14 IST" duration-ms="112382">
    <groups>
      <group name="regression">
        <method signature="TestClass.CopWelleness()[pri:3, instance:RunTest.TestClass@5e5d171f]" name="CopWelleness" class="RunTest.TestClass"/>
      </group> <!-- regression -->
      <group name="smoke">
        <method signature="TestClass.getHospitalNames(java.lang.String)[pri:1, instance:RunTest.TestClass@5e5d171f]" name="getHospitalNames" class="RunTest.TestClass"/>
        <method signature="TestClass.Diagnosticpage()[pri:2, instance:RunTest.TestClass@5e5d171f]" name="Diagnosticpage" class="RunTest.TestClass"/>
      </group> <!-- smoke -->
    </groups>
    <test started-at="2021-03-15T15:44:21 IST" name="Test" finished-at="2021-03-15T15:46:14 IST" duration-ms="112382">
      <class name="RunTest.TestClass">
        <test-method signature="getHospitalNames(java.lang.String)[pri:1, instance:RunTest.TestClass@5e5d171f]" started-at="2021-03-15T15:44:21 IST" name="getHospitalNames" finished-at="2021-03-15T15:45:30 IST" duration-ms="68893" status="PASS">
          <params>
            <param index="0">
              <value>
                <![CDATA[chrome]]>
              </value>
            </param>
          </params>
          <reporter-output>
          </reporter-output>
        </test-method> <!-- getHospitalNames -->
        <test-method signature="Diagnosticpage()[pri:2, instance:RunTest.TestClass@5e5d171f]" started-at="2021-03-15T15:45:30 IST" name="Diagnosticpage" finished-at="2021-03-15T15:45:52 IST" depends-on-methods="RunTest.TestClass.getHospitalNames" duration-ms="21648" status="PASS">
          <reporter-output>
          </reporter-output>
        </test-method> <!-- Diagnosticpage -->
        <test-method signature="CopWelleness()[pri:3, instance:RunTest.TestClass@5e5d171f]" started-at="2021-03-15T15:45:52 IST" name="CopWelleness" finished-at="2021-03-15T15:46:14 IST" depends-on-methods="RunTest.TestClass.Diagnosticpage" duration-ms="21547" status="PASS">
          <reporter-output>
          </reporter-output>
        </test-method> <!-- CopWelleness -->
      </class> <!-- RunTest.TestClass -->
    </test> <!-- Test -->
  </suite> <!-- Suite -->
</testng-results>
